<html>
<head>
<title>TestNG:  Default test</title>
<link href="../testng.css" rel="stylesheet" type="text/css" />
<link href="../my-testng.css" rel="stylesheet" type="text/css" />

<style type="text/css">
.log { display: none;} 
.stack-trace { display: none;} 
</style>
<script type="text/javascript">
<!--
function flip(e) {
  current = e.style.display;
  if (current == 'block') {
    e.style.display = 'none';
    return 0;
  }
  else {
    e.style.display = 'block';
    return 1;
  }
}

function toggleBox(szDivId, elem, msg1, msg2)
{
  var res = -1;  if (document.getElementById) {
    res = flip(document.getElementById(szDivId));
  }
  else if (document.all) {
    // this is the way old msie versions work
    res = flip(document.all[szDivId]);
  }
  if(elem) {
    if(res == 0) elem.innerHTML = msg1; else elem.innerHTML = msg2;
  }

}

function toggleAllBoxes() {
  if (document.getElementsByTagName) {
    d = document.getElementsByTagName('div');
    for (i = 0; i < d.length; i++) {
      if (d[i].className == 'log') {
        flip(d[i]);
      }
    }
  }
}

// -->
</script>

</head>
<body>
<h2 align='center'>Default test</h2><table border='1' align="center">
<tr>
<td>Tests passed/Failed/Skipped:</td><td>5/1/0</td>
</tr><tr>
<td>Started on:</td><td>Mon Dec 28 20:01:45 IST 2020</td>
</tr>
<tr><td>Total time:</td><td>50 seconds (50270 ms)</td>
</tr><tr>
<td>Included groups:</td><td></td>
</tr><tr>
<td>Excluded groups:</td><td></td>
</tr>
</table><p/>
<small><i>(Hover the method name to see the test class name)</i></small><p/>
<table width='100%' border='1' class='invocation-failed'>
<tr><td colspan='4' align='center'><b>FAILED TESTS</b></td></tr>
<tr><td><b>Test method</b></td>
<td width="30%"><b>Exception</b></td>
<td width="10%"><b>Time (seconds)</b></td>
<td><b>Instance</b></td>
</tr>
<tr>
<td title='com.wq.runner.RunnerService.runScenario()'><b>runScenario</b><br>Test class: com.wq.runner.RunnerService<br>Test method: Runs Cucumber Scenarios<br>Parameters: "verify step two page by providing address2 with three repeated chars", "Optional[Customer registration page data validations]"</td>
<td><div><pre>java.lang.AssertionError: expected [Address field does not allow three repeated characters.] but found [Address Line 1 does not allow three repeated characters.]
	at org.testng.Assert.fail(Assert.java:99)
	at org.testng.Assert.failNotEquals(Assert.java:1037)
	at org.testng.Assert.assertEqualsImpl(Assert.java:140)
	at org.testng.Assert.assertEquals(Assert.java:122)
	at org.testng.Assert.assertEquals(Assert.java:629)
	at org.testng.Assert.assertEquals(Assert.java:639)
	at com.wq.stepdefinations.CustRegDataValidation.user_entered_second_adrress_line_with_three_repeated_chars(CustRegDataValidation.java:314)
	at ?.user entered second adrress line with three repeated chars(file:///C:/Work/workspace/Automation/eclipse/Moneytap-WQ/./src/test/java/com/wq/features/custRegDataValidation.feature:174)
</pre></div><a href='#' onClick='toggleBox("stack-trace1962420141", this, "Click to show all stack frames", "Click to hide stack frames")'>Click to show all stack frames</a>
<div class='stack-trace' id='stack-trace1962420141'><pre>java.lang.AssertionError: expected [Address field does not allow three repeated characters.] but found [Address Line 1 does not allow three repeated characters.]
	at org.testng.Assert.fail(Assert.java:99)
	at org.testng.Assert.failNotEquals(Assert.java:1037)
	at org.testng.Assert.assertEqualsImpl(Assert.java:140)
	at org.testng.Assert.assertEquals(Assert.java:122)
	at org.testng.Assert.assertEquals(Assert.java:629)
	at org.testng.Assert.assertEquals(Assert.java:639)
	at com.wq.stepdefinations.CustRegDataValidation.user_entered_second_adrress_line_with_three_repeated_chars(CustRegDataValidation.java:314)
	at ?.user entered second adrress line with three repeated chars(file:///C:/Work/workspace/Automation/eclipse/Moneytap-WQ/./src/test/java/com/wq/features/custRegDataValidation.feature:174)
</pre></div></td>
<td>8</td>
<td>com.wq.runner.RunnerService@51f116b8</td></tr>
</table><p>
<table width='100%' border='1' class='invocation-passed'>
<tr><td colspan='4' align='center'><b>PASSED TESTS</b></td></tr>
<tr><td><b>Test method</b></td>
<td width="30%"><b>Exception</b></td>
<td width="10%"><b>Time (seconds)</b></td>
<td><b>Instance</b></td>
</tr>
<tr>
<td title='com.wq.runner.RunnerService.runScenario()'><b>runScenario</b><br>Test class: com.wq.runner.RunnerService<br>Test method: Runs Cucumber Scenarios<br>Parameters: "verify step two page without passing any details", "Optional[Customer registration page data validations]"</td>
<td></td>
<td>8</td>
<td>com.wq.runner.RunnerService@51f116b8</td></tr>
<tr>
<td title='com.wq.runner.RunnerService.runScenario()'><b>runScenario</b><br>Test class: com.wq.runner.RunnerService<br>Test method: Runs Cucumber Scenarios<br>Parameters: "verify step two page by providing address2 with less than 3 chars", "Optional[Customer registration page data validations]"</td>
<td></td>
<td>8</td>
<td>com.wq.runner.RunnerService@51f116b8</td></tr>
<tr>
<td title='com.wq.runner.RunnerService.runScenario()'><b>runScenario</b><br>Test class: com.wq.runner.RunnerService<br>Test method: Runs Cucumber Scenarios<br>Parameters: "verify step two page by providing address2 with less than 3 chars which includes special chars", "Optional[Customer registration page data validations]"</td>
<td></td>
<td>8</td>
<td>com.wq.runner.RunnerService@51f116b8</td></tr>
<tr>
<td title='com.wq.runner.RunnerService.runScenario()'><b>runScenario</b><br>Test class: com.wq.runner.RunnerService<br>Test method: Runs Cucumber Scenarios<br>Parameters: "verify step two page by providing address2 with unsupported special chars", "Optional[Customer registration page data validations]"</td>
<td></td>
<td>8</td>
<td>com.wq.runner.RunnerService@51f116b8</td></tr>
<tr>
<td title='com.wq.runner.RunnerService.runScenario()'><b>runScenario</b><br>Test class: com.wq.runner.RunnerService<br>Test method: Runs Cucumber Scenarios<br>Parameters: "verify step two page by providing invalid pincode", "Optional[Customer registration page data validations]"</td>
<td></td>
<td>8</td>
<td>com.wq.runner.RunnerService@51f116b8</td></tr>
</table><p>
</body>
</html>