<?xml version="1.0" encoding="UTF-8"?>
<testng-results ignored="0" total="1" passed="0" failed="1" skipped="0">
  <reporter-output>
  </reporter-output>
  <suite started-at="2020-12-29T23:13:15 IST" name="Default suite" finished-at="2020-12-29T23:13:31 IST" duration-ms="16755">
    <groups>
      <group name="cucumber">
        <method signature="AbstractTestNGCucumberTests.runScenario(io.cucumber.testng.PickleWrapper, io.cucumber.testng.FeatureWrapper)[pri:0, instance:com.wq.runner.RunnerService@7690781]" name="runScenario" class="io.cucumber.testng.AbstractTestNGCucumberTests"/>
      </group> <!-- cucumber -->
    </groups>
    <test started-at="2020-12-29T23:13:15 IST" name="Default test" finished-at="2020-12-29T23:13:31 IST" duration-ms="16755">
      <class name="com.wq.runner.RunnerService">
        <test-method is-config="true" signature="setUpClass()[pri:0, instance:com.wq.runner.RunnerService@7690781]" started-at="2020-12-29T23:13:15 IST" name="setUpClass" finished-at="2020-12-29T23:13:15 IST" duration-ms="576" status="PASS">
          <reporter-output>
          </reporter-output>
        </test-method> <!-- setUpClass -->
        <test-method signature="runScenario(io.cucumber.testng.PickleWrapper, io.cucumber.testng.FeatureWrapper)[pri:0, instance:com.wq.runner.RunnerService@7690781]" started-at="2020-12-29T23:13:15 IST" name="runScenario" description="Runs Cucumber Scenarios" data-provider="scenarios" finished-at="2020-12-29T23:13:31 IST" duration-ms="16076" status="FAIL">
          <params>
            <param index="0">
              <value>
                <![CDATA["verify user consent weblink"]]>
              </value>
            </param>
            <param index="1">
              <value>
                <![CDATA["Optional[Customer registration page data validations]"]]>
              </value>
            </param>
          </params>
          <exception class="java.lang.AssertionError">
            <message>
              <![CDATA[expected [Read about our user consent for data usage] but found []]]>
            </message>
            <full-stacktrace>
              <![CDATA[java.lang.AssertionError: expected [Read about our user consent for data usage] but found []
at org.testng.Assert.fail(Assert.java:99)
at org.testng.Assert.failNotEquals(Assert.java:1037)
at org.testng.Assert.assertEqualsImpl(Assert.java:140)
at org.testng.Assert.assertEquals(Assert.java:122)
at org.testng.Assert.assertEquals(Assert.java:629)
at org.testng.Assert.assertEquals(Assert.java:639)
at com.wq.stepdefinations.CustRegDataValidation.verify_user_consent_weblink(CustRegDataValidation.java:776)
at âœ½.verify user consent weblink(file:///C:/Work/workspace/Automation/eclipse/Moneytap-WQ/./src/test/java/com/wq/features/test.feature:142)
]]>
            </full-stacktrace>
          </exception> <!-- java.lang.AssertionError -->
          <reporter-output>
          </reporter-output>
        </test-method> <!-- runScenario -->
        <test-method is-config="true" signature="tearDownClass()[pri:0, instance:com.wq.runner.RunnerService@7690781]" started-at="2020-12-29T23:13:31 IST" name="tearDownClass" finished-at="2020-12-29T23:13:31 IST" duration-ms="48" status="PASS">
          <reporter-output>
          </reporter-output>
        </test-method> <!-- tearDownClass -->
      </class> <!-- com.wq.runner.RunnerService -->
    </test> <!-- Default test -->
  </suite> <!-- Default suite -->
</testng-results>
