<?xml version="1.0" encoding="UTF-8"?>
<!-- Generated by org.testng.reporters.JUnitReportReporter -->
<testsuite hostname="DESKTOP-6V5GP4V" failures="0" tests="1" name="com.wq.runner.RunnerService" time="11.687" errors="1" timestamp="2020-12-25T13:12:14 IST" skipped="0">
  <testcase classname="com.wq.runner.RunnerService" name="runScenario" time="11.687">
    <error message="Cannot locate element with text: --Select--
For documentation on this error, please visit: https://www.seleniumhq.org/exceptions/no_such_element.html
Build info: version: &#039;3.141.59&#039;, revision: &#039;e82be7d358&#039;, time: &#039;2018-11-14T08:17:03&#039;
System info: host: &#039;DESKTOP-6V5GP4V&#039;, ip: &#039;192.168.0.181&#039;, os.name: &#039;Windows 10&#039;, os.arch: &#039;amd64&#039;, os.version: &#039;10.0&#039;, java.version: &#039;14.0.2&#039;
Driver info: driver.version: unknown" type="org.openqa.selenium.NoSuchElementException">
      <![CDATA[org.openqa.selenium.NoSuchElementException: Cannot locate element with text: --Select--
For documentation on this error, please visit: https://www.seleniumhq.org/exceptions/no_such_element.html
Build info: version: '3.141.59', revision: 'e82be7d358', time: '2018-11-14T08:17:03'
System info: host: 'DESKTOP-6V5GP4V', ip: '192.168.0.181', os.name: 'Windows 10', os.arch: 'amd64', os.version: '10.0', java.version: '14.0.2'
Driver info: driver.version: unknown
at org.openqa.selenium.support.ui.Select.selectByVisibleText(Select.java:147)
at com.wq.pages.RegistrationPage.passCustStepTwoInfo(RegistrationPage.java:39)
at com.wq.stepdefinations.CustRegValidation.click_on_continue_button_without_providing_details_in_step_two_page(CustRegValidation.java:130)
at âœ½.click on continue button without providing details in step two page(file:///C:/Work/workspace/Automation/eclipse/Moneytap-WQ/src/test/java/com/wq/features/custRegValidation.feature:67)
]]>
    </error>
  </testcase> <!-- runScenario -->
  <system-out/>
</testsuite> <!-- com.wq.runner.RunnerService -->
